[Sat, 31 Jan 15 12:31:27 +0000][INFO] SELECT IF(COUNT(*)>0, 1 , 0) FROM `INFORMATION_SCHEMA`.`TABLES` WHERE `TABLE_NAME`='session' | Query Time: 0.00076389312744141
[Sat, 31 Jan 15 12:31:27 +0000][INFO] DESCRIBE `session` | Query Time: 0.0017459392547607
[Sat, 31 Jan 15 12:31:27 +0000][INFO] INSERT INTO `session` (`user_id`, `token`, `session`, `ip`, `created`) VALUES (?, ?, ?, ?, ?) | Query Time: 0.032740116119385
[Sat, 31 Jan 15 12:31:27 +0000][INFO] SELECT IF(COUNT(*)>0, 1 , 0) FROM `INFORMATION_SCHEMA`.`TABLES` WHERE `TABLE_NAME`='user' | Query Time: 0.033346176147461
[Sat, 31 Jan 15 12:31:27 +0000][INFO] DESCRIBE `user` | Query Time: 0.035240173339844
[Sat, 31 Jan 15 12:31:27 +0000][INFO] SELECT COUNT(*) AS `rowcount` FROM `user` WHERE `user`.`email` = :0 | Query Time: 0.035775184631348
[Sat, 31 Jan 15 12:31:27 +0000][INFO] INSERT INTO `user` (`display_name`, `email`, `password`, `enabled`, `created`) VALUES (?, ?, ?, ?, ?) | Query Time: 0.03899621963501
[Sat, 31 Jan 15 12:31:27 +0000][INFO] SELECT IF(COUNT(*)>0, 1 , 0) FROM `INFORMATION_SCHEMA`.`TABLES` WHERE `TABLE_NAME`='emailactivations' | Query Time: 0.039644241333008
[Sat, 31 Jan 15 12:31:27 +0000][INFO] DESCRIBE `emailactivations` | Query Time: 0.04071831703186
[Sat, 31 Jan 15 12:31:27 +0000][INFO] SELECT COUNT(*) AS `rowcount` FROM `emailactivations` WHERE `emailactivations`.`activation_key` = :0 | Query Time: 0.041043519973755
[Sat, 31 Jan 15 12:31:27 +0000][INFO] INSERT INTO `emailactivations` (`user_id`, `activation_key`, `type`, `used`, `created`) VALUES (?, ?, ?, ?, ?) | Query Time: 0.047182559967041
[Sat, 31 Jan 15 12:31:27 +0000][INFO] SELECT * FROM user WHERE email = :email | Query Time: 0.047832489013672
[Sat, 31 Jan 15 12:31:27 +0000][INFO] SELECT * FROM emailactivations WHERE type = 'signup' AND used = 0 and :user_id | Query Time: 0.048229694366455
[Sat, 31 Jan 15 12:31:27 +0000][INFO] SELECT `emailactivations`.`id`, `emailactivations`.`user_id`, `emailactivations`.`activation_key`, `emailactivations`.`type`, `emailactivations`.`used`, `emailactivations`.`created` FROM `emailactivations` WHERE `emailactivations`.`used` = 0 AND `emailactivations`.`activation_key` = :activation_key AND `emailactivations`.`type` = 'signup' LIMIT 1 | Query Time: 0.048910856246948
[Sat, 31 Jan 15 12:31:28 +0000][INFO] SELECT `user`.`id`, `user`.`display_name`, `user`.`email`, `user`.`password`, `user`.`enabled`, `user`.`created` FROM `user` WHERE `user`.`enabled` = 0 AND `user`.`id` = :id LIMIT 1 | Query Time: 0.052556991577148
[Sat, 31 Jan 15 12:31:29 +0000][INFO] UPDATE `session` SET `user_id` = ?, `token` = ?, `session` = ?, `ip` = ?, `created` = ? WHERE `id` = ? | Query Time: 0.058788776397705
[Sat, 31 Jan 15 12:33:36 +0000][INFO] SELECT IF(COUNT(*)>0, 1 , 0) FROM `INFORMATION_SCHEMA`.`TABLES` WHERE `TABLE_NAME`='session' | Query Time: 0.00069713592529297
[Sat, 31 Jan 15 12:33:36 +0000][INFO] DESCRIBE `session` | Query Time: 0.0018231868743896
[Sat, 31 Jan 15 12:33:36 +0000][INFO] INSERT INTO `session` (`user_id`, `token`, `session`, `ip`, `created`) VALUES (?, ?, ?, ?, ?) | Query Time: 0.013970136642456
[Sat, 31 Jan 15 12:33:36 +0000][INFO] SELECT IF(COUNT(*)>0, 1 , 0) FROM `INFORMATION_SCHEMA`.`TABLES` WHERE `TABLE_NAME`='user' | Query Time: 0.014814138412476
[Sat, 31 Jan 15 12:33:36 +0000][INFO] DESCRIBE `user` | Query Time: 0.016525268554688
[Sat, 31 Jan 15 12:33:36 +0000][INFO] SELECT COUNT(*) AS `rowcount` FROM `user` WHERE `user`.`email` = :0 | Query Time: 0.016920328140259
[Sat, 31 Jan 15 12:33:36 +0000][INFO] INSERT INTO `user` (`display_name`, `email`, `password`, `enabled`, `created`) VALUES (?, ?, ?, ?, ?) | Query Time: 0.02266526222229
[Sat, 31 Jan 15 12:33:36 +0000][INFO] SELECT IF(COUNT(*)>0, 1 , 0) FROM `INFORMATION_SCHEMA`.`TABLES` WHERE `TABLE_NAME`='emailactivations' | Query Time: 0.023653268814087
[Sat, 31 Jan 15 12:33:36 +0000][INFO] DESCRIBE `emailactivations` | Query Time: 0.024808406829834
[Sat, 31 Jan 15 12:33:36 +0000][INFO] SELECT COUNT(*) AS `rowcount` FROM `emailactivations` WHERE `emailactivations`.`activation_key` = :0 | Query Time: 0.025161266326904
[Sat, 31 Jan 15 12:33:36 +0000][INFO] INSERT INTO `emailactivations` (`user_id`, `activation_key`, `type`, `used`, `created`) VALUES (?, ?, ?, ?, ?) | Query Time: 0.028197050094604
[Sat, 31 Jan 15 12:33:37 +0000][INFO] SELECT * FROM user WHERE email = :email | Query Time: 0.030173063278198
[Sat, 31 Jan 15 12:33:37 +0000][INFO] SELECT * FROM emailactivations WHERE type = 'signup' AND used = 0 and user_id = :user_id | Query Time: 0.030561208724976
[Sat, 31 Jan 15 12:33:37 +0000][INFO] SELECT `emailactivations`.`id`, `emailactivations`.`user_id`, `emailactivations`.`activation_key`, `emailactivations`.`type`, `emailactivations`.`used`, `emailactivations`.`created` FROM `emailactivations` WHERE `emailactivations`.`used` = 0 AND `emailactivations`.`activation_key` = :activation_key AND `emailactivations`.`type` = 'signup' LIMIT 1 | Query Time: 0.03707218170166
[Sat, 31 Jan 15 12:33:37 +0000][INFO] SELECT `user`.`id`, `user`.`display_name`, `user`.`email`, `user`.`password`, `user`.`enabled`, `user`.`created` FROM `user` WHERE `user`.`enabled` = 0 AND `user`.`id` = :id LIMIT 1 | Query Time: 0.038254261016846
[Sat, 31 Jan 15 12:33:37 +0000][INFO] SELECT COUNT(*) AS `rowcount` FROM `user` WHERE `user`.`email` = :0 AND `user`.`id` <> :1 | Query Time: 0.038595199584961
[Sat, 31 Jan 15 12:33:37 +0000][INFO] UPDATE `user` SET `display_name` = ?, `email` = ?, `password` = ?, `enabled` = ?, `created` = ? WHERE `id` = ? | Query Time: 0.043213129043579
[Sat, 31 Jan 15 12:33:37 +0000][INFO] SELECT COUNT(*) AS `rowcount` FROM `emailactivations` WHERE `emailactivations`.`activation_key` = :0 AND `emailactivations`.`id` <> :1 | Query Time: 0.043825149536133
[Sat, 31 Jan 15 12:33:37 +0000][INFO] UPDATE `emailactivations` SET `user_id` = ?, `activation_key` = ?, `type` = ?, `used` = ?, `created` = ? WHERE `id` = ? | Query Time: 0.047584295272827
[Sat, 31 Jan 15 12:33:37 +0000][INFO] UPDATE `session` SET `user_id` = ?, `token` = ?, `session` = ?, `ip` = ?, `created` = ? WHERE `id` = ? | Query Time: 0.052260398864746
[Sat, 31 Jan 15 12:33:52 +0000][INFO] SELECT IF(COUNT(*)>0, 1 , 0) FROM `INFORMATION_SCHEMA`.`TABLES` WHERE `TABLE_NAME`='session' | Query Time: 0.0014550685882568
[Sat, 31 Jan 15 12:33:52 +0000][INFO] DESCRIBE `session` | Query Time: 0.003593921661377
[Sat, 31 Jan 15 12:33:52 +0000][INFO] INSERT INTO `session` (`user_id`, `token`, `session`, `ip`, `created`) VALUES (?, ?, ?, ?, ?) | Query Time: 0.014867782592773
[Sat, 31 Jan 15 12:33:52 +0000][INFO] SELECT IF(COUNT(*)>0, 1 , 0) FROM `INFORMATION_SCHEMA`.`TABLES` WHERE `TABLE_NAME`='user' | Query Time: 0.016430854797363
[Sat, 31 Jan 15 12:33:52 +0000][INFO] DESCRIBE `user` | Query Time: 0.017543792724609
[Sat, 31 Jan 15 12:33:52 +0000][INFO] SELECT COUNT(*) AS `rowcount` FROM `user` WHERE `user`.`email` = :0 | Query Time: 0.017988681793213
[Sat, 31 Jan 15 12:33:52 +0000][INFO] INSERT INTO `user` (`display_name`, `email`, `password`, `enabled`, `created`) VALUES (?, ?, ?, ?, ?) | Query Time: 0.021400690078735
[Sat, 31 Jan 15 12:33:52 +0000][INFO] SELECT IF(COUNT(*)>0, 1 , 0) FROM `INFORMATION_SCHEMA`.`TABLES` WHERE `TABLE_NAME`='emailactivations' | Query Time: 0.022408723831177
[Sat, 31 Jan 15 12:33:52 +0000][INFO] DESCRIBE `emailactivations` | Query Time: 0.023523569107056
[Sat, 31 Jan 15 12:33:52 +0000][INFO] SELECT COUNT(*) AS `rowcount` FROM `emailactivations` WHERE `emailactivations`.`activation_key` = :0 | Query Time: 0.023850679397583
[Sat, 31 Jan 15 12:33:52 +0000][INFO] INSERT INTO `emailactivations` (`user_id`, `activation_key`, `type`, `used`, `created`) VALUES (?, ?, ?, ?, ?) | Query Time: 0.028166532516479
[Sat, 31 Jan 15 12:33:52 +0000][INFO] SELECT * FROM user WHERE email = :email | Query Time: 0.032431602478027
[Sat, 31 Jan 15 12:33:52 +0000][INFO] SELECT * FROM emailactivations WHERE type = 'signup' AND used = 0 and user_id = :user_id | Query Time: 0.036148548126221
[Sat, 31 Jan 15 12:33:52 +0000][INFO] SELECT `emailactivations`.`id`, `emailactivations`.`user_id`, `emailactivations`.`activation_key`, `emailactivations`.`type`, `emailactivations`.`used`, `emailactivations`.`created` FROM `emailactivations` WHERE `emailactivations`.`used` = 0 AND `emailactivations`.`activation_key` = :activation_key AND `emailactivations`.`type` = 'signup' LIMIT 1 | Query Time: 0.040326595306396
[Sat, 31 Jan 15 12:33:52 +0000][INFO] SELECT `user`.`id`, `user`.`display_name`, `user`.`email`, `user`.`password`, `user`.`enabled`, `user`.`created` FROM `user` WHERE `user`.`enabled` = 0 AND `user`.`id` = :id LIMIT 1 | Query Time: 0.040942668914795
[Sat, 31 Jan 15 12:33:52 +0000][INFO] SELECT COUNT(*) AS `rowcount` FROM `user` WHERE `user`.`email` = :0 AND `user`.`id` <> :1 | Query Time: 0.041338682174683
[Sat, 31 Jan 15 12:33:52 +0000][INFO] UPDATE `user` SET `display_name` = ?, `email` = ?, `password` = ?, `enabled` = ?, `created` = ? WHERE `id` = ? | Query Time: 0.046330690383911
[Sat, 31 Jan 15 12:33:52 +0000][INFO] SELECT COUNT(*) AS `rowcount` FROM `emailactivations` WHERE `emailactivations`.`activation_key` = :0 AND `emailactivations`.`id` <> :1 | Query Time: 0.04675555229187
[Sat, 31 Jan 15 12:33:52 +0000][INFO] UPDATE `emailactivations` SET `user_id` = ?, `activation_key` = ?, `type` = ?, `used` = ?, `created` = ? WHERE `id` = ? | Query Time: 0.052100419998169
[Sat, 31 Jan 15 12:33:52 +0000][INFO] UPDATE `session` SET `user_id` = ?, `token` = ?, `session` = ?, `ip` = ?, `created` = ? WHERE `id` = ? | Query Time: 0.056846618652344
[Sat, 31 Jan 15 12:33:54 +0000][INFO] SELECT IF(COUNT(*)>0, 1 , 0) FROM `INFORMATION_SCHEMA`.`TABLES` WHERE `TABLE_NAME`='session' | Query Time: 0.0010099411010742
[Sat, 31 Jan 15 12:33:54 +0000][INFO] DESCRIBE `session` | Query Time: 0.002202033996582
[Sat, 31 Jan 15 12:33:54 +0000][INFO] INSERT INTO `session` (`user_id`, `token`, `session`, `ip`, `created`) VALUES (?, ?, ?, ?, ?) | Query Time: 0.015643119812012
[Sat, 31 Jan 15 12:33:54 +0000][INFO] SELECT IF(COUNT(*)>0, 1 , 0) FROM `INFORMATION_SCHEMA`.`TABLES` WHERE `TABLE_NAME`='user' | Query Time: 0.016435146331787
[Sat, 31 Jan 15 12:33:54 +0000][INFO] DESCRIBE `user` | Query Time: 0.017704963684082
[Sat, 31 Jan 15 12:33:54 +0000][INFO] SELECT COUNT(*) AS `rowcount` FROM `user` WHERE `user`.`email` = :0 | Query Time: 0.018134832382202
[Sat, 31 Jan 15 12:33:54 +0000][INFO] INSERT INTO `user` (`display_name`, `email`, `password`, `enabled`, `created`) VALUES (?, ?, ?, ?, ?) | Query Time: 0.021996974945068
[Sat, 31 Jan 15 12:33:54 +0000][INFO] SELECT IF(COUNT(*)>0, 1 , 0) FROM `INFORMATION_SCHEMA`.`TABLES` WHERE `TABLE_NAME`='emailactivations' | Query Time: 0.022534132003784
[Sat, 31 Jan 15 12:33:54 +0000][INFO] DESCRIBE `emailactivations` | Query Time: 0.024144172668457
[Sat, 31 Jan 15 12:33:54 +0000][INFO] SELECT COUNT(*) AS `rowcount` FROM `emailactivations` WHERE `emailactivations`.`activation_key` = :0 | Query Time: 0.025012254714966
[Sat, 31 Jan 15 12:33:54 +0000][INFO] INSERT INTO `emailactivations` (`user_id`, `activation_key`, `type`, `used`, `created`) VALUES (?, ?, ?, ?, ?) | Query Time: 0.028802156448364
[Sat, 31 Jan 15 12:33:54 +0000][INFO] SELECT * FROM user WHERE email = :email | Query Time: 0.029228210449219
[Sat, 31 Jan 15 12:33:54 +0000][INFO] SELECT * FROM emailactivations WHERE type = 'signup' AND used = 0 and user_id = :user_id | Query Time: 0.030701160430908
[Sat, 31 Jan 15 12:33:54 +0000][INFO] SELECT `emailactivations`.`id`, `emailactivations`.`user_id`, `emailactivations`.`activation_key`, `emailactivations`.`type`, `emailactivations`.`used`, `emailactivations`.`created` FROM `emailactivations` WHERE `emailactivations`.`used` = 0 AND `emailactivations`.`activation_key` = :activation_key AND `emailactivations`.`type` = 'signup' LIMIT 1 | Query Time: 0.030985116958618
[Sat, 31 Jan 15 12:33:54 +0000][INFO] SELECT `user`.`id`, `user`.`display_name`, `user`.`email`, `user`.`password`, `user`.`enabled`, `user`.`created` FROM `user` WHERE `user`.`enabled` = 0 AND `user`.`id` = :id LIMIT 1 | Query Time: 0.032348155975342
[Sat, 31 Jan 15 12:33:54 +0000][INFO] SELECT COUNT(*) AS `rowcount` FROM `user` WHERE `user`.`email` = :0 AND `user`.`id` <> :1 | Query Time: 0.032992124557495
[Sat, 31 Jan 15 12:33:54 +0000][INFO] UPDATE `user` SET `display_name` = ?, `email` = ?, `password` = ?, `enabled` = ?, `created` = ? WHERE `id` = ? | Query Time: 0.036871194839478
[Sat, 31 Jan 15 12:33:54 +0000][INFO] SELECT COUNT(*) AS `rowcount` FROM `emailactivations` WHERE `emailactivations`.`activation_key` = :0 AND `emailactivations`.`id` <> :1 | Query Time: 0.037431240081787
[Sat, 31 Jan 15 12:33:54 +0000][INFO] UPDATE `emailactivations` SET `user_id` = ?, `activation_key` = ?, `type` = ?, `used` = ?, `created` = ? WHERE `id` = ? | Query Time: 0.040913343429565
[Sat, 31 Jan 15 12:33:54 +0000][INFO] UPDATE `session` SET `user_id` = ?, `token` = ?, `session` = ?, `ip` = ?, `created` = ? WHERE `id` = ? | Query Time: 0.04353141784668
[Sat, 31 Jan 15 12:42:37 +0000][INFO] SELECT IF(COUNT(*)>0, 1 , 0) FROM `INFORMATION_SCHEMA`.`TABLES` WHERE `TABLE_NAME`='session' | Query Time: 0.0010941028594971
[Sat, 31 Jan 15 12:42:37 +0000][INFO] DESCRIBE `session` | Query Time: 0.0022151470184326
[Sat, 31 Jan 15 12:42:37 +0000][INFO] INSERT INTO `session` (`user_id`, `token`, `session`, `ip`, `created`) VALUES (?, ?, ?, ?, ?) | Query Time: 0.034032344818115
[Sat, 31 Jan 15 12:42:38 +0000][INFO] SELECT IF(COUNT(*)>0, 1 , 0) FROM `INFORMATION_SCHEMA`.`TABLES` WHERE `TABLE_NAME`='user' | Query Time: 0.034846305847168
[Sat, 31 Jan 15 12:42:38 +0000][INFO] DESCRIBE `user` | Query Time: 0.035938501358032
[Sat, 31 Jan 15 12:42:38 +0000][INFO] SELECT COUNT(*) AS `rowcount` FROM `user` WHERE `user`.`email` = :0 | Query Time: 0.036282539367676
[Sat, 31 Jan 15 12:42:38 +0000][INFO] INSERT INTO `user` (`display_name`, `email`, `password`, `enabled`, `created`) VALUES (?, ?, ?, ?, ?) | Query Time: 0.041889667510986
[Sat, 31 Jan 15 12:42:38 +0000][INFO] SELECT IF(COUNT(*)>0, 1 , 0) FROM `INFORMATION_SCHEMA`.`TABLES` WHERE `TABLE_NAME`='emailactivations' | Query Time: 0.043538570404053
[Sat, 31 Jan 15 12:42:38 +0000][INFO] DESCRIBE `emailactivations` | Query Time: 0.044411420822144
[Sat, 31 Jan 15 12:42:38 +0000][INFO] SELECT COUNT(*) AS `rowcount` FROM `emailactivations` WHERE `emailactivations`.`activation_key` = :0 | Query Time: 0.044744491577148
[Sat, 31 Jan 15 12:42:38 +0000][INFO] INSERT INTO `emailactivations` (`user_id`, `activation_key`, `type`, `used`, `created`) VALUES (?, ?, ?, ?, ?) | Query Time: 0.064706563949585
[Sat, 31 Jan 15 12:42:38 +0000][INFO] SELECT * FROM user WHERE email = :email | Query Time: 0.0653076171875
[Sat, 31 Jan 15 12:42:38 +0000][INFO] SELECT * FROM emailactivations WHERE type = 'signup' AND used = 0 and user_id = :user_id | Query Time: 0.066442728042603
[Sat, 31 Jan 15 12:42:38 +0000][INFO] SELECT `emailactivations`.`id`, `emailactivations`.`user_id`, `emailactivations`.`activation_key`, `emailactivations`.`type`, `emailactivations`.`used`, `emailactivations`.`created` FROM `emailactivations` WHERE `emailactivations`.`used` = 0 AND `emailactivations`.`activation_key` = :activation_key AND `emailactivations`.`type` = 'signup' LIMIT 1 | Query Time: 0.070559740066528
[Sat, 31 Jan 15 12:42:38 +0000][INFO] SELECT `user`.`id`, `user`.`display_name`, `user`.`email`, `user`.`password`, `user`.`enabled`, `user`.`created` FROM `user` WHERE `user`.`enabled` = 0 AND `user`.`id` = :id LIMIT 1 | Query Time: 0.071348905563354
[Sat, 31 Jan 15 12:42:38 +0000][INFO] SELECT COUNT(*) AS `rowcount` FROM `user` WHERE `user`.`email` = :0 AND `user`.`id` <> :1 | Query Time: 0.07168173789978
[Sat, 31 Jan 15 12:42:38 +0000][INFO] UPDATE `user` SET `display_name` = ?, `email` = ?, `password` = ?, `enabled` = ?, `created` = ? WHERE `id` = ? | Query Time: 0.076231718063354
[Sat, 31 Jan 15 12:42:38 +0000][INFO] SELECT COUNT(*) AS `rowcount` FROM `emailactivations` WHERE `emailactivations`.`activation_key` = :0 AND `emailactivations`.`id` <> :1 | Query Time: 0.076654672622681
[Sat, 31 Jan 15 12:42:38 +0000][INFO] UPDATE `emailactivations` SET `user_id` = ?, `activation_key` = ?, `type` = ?, `used` = ?, `created` = ? WHERE `id` = ? | Query Time: 0.080684661865234
[Sat, 31 Jan 15 12:44:43 +0000][INFO] SELECT IF(COUNT(*)>0, 1 , 0) FROM `INFORMATION_SCHEMA`.`TABLES` WHERE `TABLE_NAME`='session' | Query Time: 0.0010619163513184
[Sat, 31 Jan 15 12:44:43 +0000][INFO] DESCRIBE `session` | Query Time: 0.0035989284515381
[Sat, 31 Jan 15 12:44:43 +0000][INFO] INSERT INTO `session` (`user_id`, `token`, `session`, `ip`, `created`) VALUES (?, ?, ?, ?, ?) | Query Time: 0.056750774383545
[Sat, 31 Jan 15 12:44:43 +0000][INFO] SELECT IF(COUNT(*)>0, 1 , 0) FROM `INFORMATION_SCHEMA`.`TABLES` WHERE `TABLE_NAME`='user' | Query Time: 0.057498693466187
[Sat, 31 Jan 15 12:44:43 +0000][INFO] DESCRIBE `user` | Query Time: 0.058740615844727
[Sat, 31 Jan 15 12:44:43 +0000][INFO] SELECT COUNT(*) AS `rowcount` FROM `user` WHERE `user`.`email` = :0 | Query Time: 0.059087514877319
[Sat, 31 Jan 15 12:44:43 +0000][INFO] INSERT INTO `user` (`display_name`, `email`, `password`, `enabled`, `created`) VALUES (?, ?, ?, ?, ?) | Query Time: 0.062539577484131
[Sat, 31 Jan 15 12:44:43 +0000][INFO] SELECT IF(COUNT(*)>0, 1 , 0) FROM `INFORMATION_SCHEMA`.`TABLES` WHERE `TABLE_NAME`='emailactivations' | Query Time: 0.063032627105713
[Sat, 31 Jan 15 12:44:43 +0000][INFO] DESCRIBE `emailactivations` | Query Time: 0.064052581787109
[Sat, 31 Jan 15 12:44:43 +0000][INFO] SELECT COUNT(*) AS `rowcount` FROM `emailactivations` WHERE `emailactivations`.`activation_key` = :0 | Query Time: 0.064468622207642
[Sat, 31 Jan 15 12:44:43 +0000][INFO] INSERT INTO `emailactivations` (`user_id`, `activation_key`, `type`, `used`, `created`) VALUES (?, ?, ?, ?, ?) | Query Time: 0.069308519363403
[Sat, 31 Jan 15 12:44:43 +0000][INFO] SELECT * FROM user WHERE email = :email | Query Time: 0.073488473892212
[Sat, 31 Jan 15 12:44:43 +0000][INFO] SELECT * FROM emailactivations WHERE type = 'signup' AND used = 0 and user_id = :user_id | Query Time: 0.074055433273315
[Sat, 31 Jan 15 12:44:43 +0000][INFO] SELECT `emailactivations`.`id`, `emailactivations`.`user_id`, `emailactivations`.`activation_key`, `emailactivations`.`type`, `emailactivations`.`used`, `emailactivations`.`created` FROM `emailactivations` WHERE `emailactivations`.`used` = 0 AND `emailactivations`.`activation_key` = :activation_key AND `emailactivations`.`type` = 'signup' LIMIT 1 | Query Time: 0.074442625045776
[Sat, 31 Jan 15 12:44:43 +0000][INFO] SELECT `user`.`id`, `user`.`display_name`, `user`.`email`, `user`.`password`, `user`.`enabled`, `user`.`created` FROM `user` WHERE `user`.`enabled` = 0 AND `user`.`id` = :id LIMIT 1 | Query Time: 0.075618505477905
[Sat, 31 Jan 15 12:44:43 +0000][INFO] SELECT COUNT(*) AS `rowcount` FROM `user` WHERE `user`.`email` = :0 AND `user`.`id` <> :1 | Query Time: 0.07733154296875
[Sat, 31 Jan 15 12:44:43 +0000][INFO] UPDATE `user` SET `display_name` = ?, `email` = ?, `password` = ?, `enabled` = ?, `created` = ? WHERE `id` = ? | Query Time: 0.083033561706543
[Sat, 31 Jan 15 12:44:43 +0000][INFO] SELECT COUNT(*) AS `rowcount` FROM `emailactivations` WHERE `emailactivations`.`activation_key` = :0 AND `emailactivations`.`id` <> :1 | Query Time: 0.084023475646973
[Sat, 31 Jan 15 12:44:43 +0000][INFO] UPDATE `emailactivations` SET `user_id` = ?, `activation_key` = ?, `type` = ?, `used` = ?, `created` = ? WHERE `id` = ? | Query Time: 0.087890625
[Sat, 31 Jan 15 12:44:43 +0000][INFO] UPDATE `session` SET `user_id` = ?, `token` = ?, `session` = ?, `ip` = ?, `created` = ? WHERE `id` = ? | Query Time: 0.092044591903687
[Sat, 31 Jan 15 12:45:32 +0000][INFO] SELECT IF(COUNT(*)>0, 1 , 0) FROM `INFORMATION_SCHEMA`.`TABLES` WHERE `TABLE_NAME`='session' | Query Time: 0.001082181930542
[Sat, 31 Jan 15 12:45:32 +0000][INFO] DESCRIBE `session` | Query Time: 0.0024101734161377
[Sat, 31 Jan 15 12:45:32 +0000][INFO] INSERT INTO `session` (`user_id`, `token`, `session`, `ip`, `created`) VALUES (?, ?, ?, ?, ?) | Query Time: 0.008237361907959
[Sat, 31 Jan 15 12:45:32 +0000][INFO] SELECT IF(COUNT(*)>0, 1 , 0) FROM `INFORMATION_SCHEMA`.`TABLES` WHERE `TABLE_NAME`='user' | Query Time: 0.0089864730834961
[Sat, 31 Jan 15 12:45:32 +0000][INFO] DESCRIBE `user` | Query Time: 0.01027250289917
[Sat, 31 Jan 15 12:45:32 +0000][INFO] SELECT COUNT(*) AS `rowcount` FROM `user` WHERE `user`.`email` = :0 | Query Time: 0.010610580444336
[Sat, 31 Jan 15 12:45:32 +0000][INFO] INSERT INTO `user` (`display_name`, `email`, `password`, `enabled`, `created`) VALUES (?, ?, ?, ?, ?) | Query Time: 0.022527694702148
[Sat, 31 Jan 15 12:45:32 +0000][INFO] SELECT IF(COUNT(*)>0, 1 , 0) FROM `INFORMATION_SCHEMA`.`TABLES` WHERE `TABLE_NAME`='emailactivations' | Query Time: 0.024030685424805
[Sat, 31 Jan 15 12:45:32 +0000][INFO] DESCRIBE `emailactivations` | Query Time: 0.025847673416138
[Sat, 31 Jan 15 12:45:32 +0000][INFO] SELECT COUNT(*) AS `rowcount` FROM `emailactivations` WHERE `emailactivations`.`activation_key` = :0 | Query Time: 0.026171684265137
[Sat, 31 Jan 15 12:45:32 +0000][INFO] INSERT INTO `emailactivations` (`user_id`, `activation_key`, `type`, `used`, `created`) VALUES (?, ?, ?, ?, ?) | Query Time: 0.049795866012573
[Sat, 31 Jan 15 12:45:33 +0000][INFO] SELECT * FROM user WHERE email = :email | Query Time: 0.050408840179443
[Sat, 31 Jan 15 12:45:33 +0000][INFO] SELECT * FROM emailactivations WHERE type = 'signup' AND used = 0 and user_id = :user_id | Query Time: 0.054566621780396
[Sat, 31 Jan 15 12:45:33 +0000][INFO] SELECT `emailactivations`.`id`, `emailactivations`.`user_id`, `emailactivations`.`activation_key`, `emailactivations`.`type`, `emailactivations`.`used`, `emailactivations`.`created` FROM `emailactivations` WHERE `emailactivations`.`used` = 0 AND `emailactivations`.`activation_key` = :activation_key AND `emailactivations`.`type` = 'signup' LIMIT 1 | Query Time: 0.054912567138672
[Sat, 31 Jan 15 12:45:33 +0000][INFO] SELECT `user`.`id`, `user`.`display_name`, `user`.`email`, `user`.`password`, `user`.`enabled`, `user`.`created` FROM `user` WHERE `user`.`enabled` = 0 AND `user`.`id` = :id LIMIT 1 | Query Time: 0.055272579193115
[Sat, 31 Jan 15 12:45:33 +0000][INFO] SELECT COUNT(*) AS `rowcount` FROM `user` WHERE `user`.`email` = :0 AND `user`.`id` <> :1 | Query Time: 0.059208631515503
[Sat, 31 Jan 15 12:45:33 +0000][INFO] UPDATE `user` SET `display_name` = ?, `email` = ?, `password` = ?, `enabled` = ?, `created` = ? WHERE `id` = ? | Query Time: 0.063799619674683
[Sat, 31 Jan 15 12:45:33 +0000][INFO] SELECT COUNT(*) AS `rowcount` FROM `emailactivations` WHERE `emailactivations`.`activation_key` = :0 AND `emailactivations`.`id` <> :1 | Query Time: 0.064232587814331
[Sat, 31 Jan 15 12:45:33 +0000][INFO] UPDATE `emailactivations` SET `user_id` = ?, `activation_key` = ?, `type` = ?, `used` = ?, `created` = ? WHERE `id` = ? | Query Time: 0.067610740661621
[Sat, 31 Jan 15 12:45:59 +0000][INFO] SELECT IF(COUNT(*)>0, 1 , 0) FROM `INFORMATION_SCHEMA`.`TABLES` WHERE `TABLE_NAME`='session' | Query Time: 0.0011539459228516
[Sat, 31 Jan 15 12:45:59 +0000][INFO] DESCRIBE `session` | Query Time: 0.0023219585418701
[Sat, 31 Jan 15 12:45:59 +0000][INFO] INSERT INTO `session` (`user_id`, `token`, `session`, `ip`, `created`) VALUES (?, ?, ?, ?, ?) | Query Time: 0.029691934585571
[Sat, 31 Jan 15 12:46:00 +0000][INFO] SELECT IF(COUNT(*)>0, 1 , 0) FROM `INFORMATION_SCHEMA`.`TABLES` WHERE `TABLE_NAME`='user' | Query Time: 0.030911922454834
[Sat, 31 Jan 15 12:46:00 +0000][INFO] DESCRIBE `user` | Query Time: 0.032026767730713
[Sat, 31 Jan 15 12:46:00 +0000][INFO] SELECT COUNT(*) AS `rowcount` FROM `user` WHERE `user`.`email` = :0 | Query Time: 0.032493829727173
[Sat, 31 Jan 15 12:46:00 +0000][INFO] INSERT INTO `user` (`display_name`, `email`, `password`, `enabled`, `created`) VALUES (?, ?, ?, ?, ?) | Query Time: 0.037554740905762
[Sat, 31 Jan 15 12:46:00 +0000][INFO] SELECT IF(COUNT(*)>0, 1 , 0) FROM `INFORMATION_SCHEMA`.`TABLES` WHERE `TABLE_NAME`='emailactivations' | Query Time: 0.038155794143677
[Sat, 31 Jan 15 12:46:00 +0000][INFO] DESCRIBE `emailactivations` | Query Time: 0.039038896560669
[Sat, 31 Jan 15 12:46:00 +0000][INFO] SELECT COUNT(*) AS `rowcount` FROM `emailactivations` WHERE `emailactivations`.`activation_key` = :0 | Query Time: 0.039370059967041
[Sat, 31 Jan 15 12:46:00 +0000][INFO] INSERT INTO `emailactivations` (`user_id`, `activation_key`, `type`, `used`, `created`) VALUES (?, ?, ?, ?, ?) | Query Time: 0.042693138122559
[Sat, 31 Jan 15 12:46:00 +0000][INFO] SELECT * FROM user WHERE email = :email | Query Time: 0.047296047210693
[Sat, 31 Jan 15 12:46:00 +0000][INFO] SELECT * FROM emailactivations WHERE type = 'signup' AND used = 0 and user_id = :user_id | Query Time: 0.047498226165771
[Sat, 31 Jan 15 12:46:00 +0000][INFO] SELECT `emailactivations`.`id`, `emailactivations`.`user_id`, `emailactivations`.`activation_key`, `emailactivations`.`type`, `emailactivations`.`used`, `emailactivations`.`created` FROM `emailactivations` WHERE `emailactivations`.`used` = 0 AND `emailactivations`.`activation_key` = :activation_key AND `emailactivations`.`type` = 'signup' LIMIT 1 | Query Time: 0.051207065582275
[Sat, 31 Jan 15 12:46:00 +0000][INFO] SELECT `user`.`id`, `user`.`display_name`, `user`.`email`, `user`.`password`, `user`.`enabled`, `user`.`created` FROM `user` WHERE `user`.`enabled` = 0 AND `user`.`id` = :id LIMIT 1 | Query Time: 0.051870107650757
[Sat, 31 Jan 15 12:46:00 +0000][INFO] SELECT COUNT(*) AS `rowcount` FROM `user` WHERE `user`.`email` = :0 AND `user`.`id` <> :1 | Query Time: 0.054687023162842
[Sat, 31 Jan 15 12:46:00 +0000][INFO] UPDATE `user` SET `display_name` = ?, `email` = ?, `password` = ?, `enabled` = ?, `created` = ? WHERE `id` = ? | Query Time: 0.059440135955811
[Sat, 31 Jan 15 12:46:00 +0000][INFO] SELECT COUNT(*) AS `rowcount` FROM `emailactivations` WHERE `emailactivations`.`activation_key` = :0 AND `emailactivations`.`id` <> :1 | Query Time: 0.060126066207886
[Sat, 31 Jan 15 12:46:00 +0000][INFO] UPDATE `emailactivations` SET `user_id` = ?, `activation_key` = ?, `type` = ?, `used` = ?, `created` = ? WHERE `id` = ? | Query Time: 0.064625024795532
[Sat, 31 Jan 15 12:46:00 +0000][INFO] UPDATE `session` SET `user_id` = ?, `token` = ?, `session` = ?, `ip` = ?, `created` = ? WHERE `id` = ? | Query Time: 0.068684101104736
[Sat, 31 Jan 15 12:46:55 +0000][INFO] SELECT IF(COUNT(*)>0, 1 , 0) FROM `INFORMATION_SCHEMA`.`TABLES` WHERE `TABLE_NAME`='session' | Query Time: 0.00066089630126953
[Sat, 31 Jan 15 12:46:55 +0000][INFO] DESCRIBE `session` | Query Time: 0.0018129348754883
[Sat, 31 Jan 15 12:46:55 +0000][INFO] INSERT INTO `session` (`user_id`, `token`, `session`, `ip`, `created`) VALUES (?, ?, ?, ?, ?) | Query Time: 0.040742874145508
[Sat, 31 Jan 15 12:46:55 +0000][INFO] SELECT IF(COUNT(*)>0, 1 , 0) FROM `INFORMATION_SCHEMA`.`TABLES` WHERE `TABLE_NAME`='user' | Query Time: 0.041594982147217
[Sat, 31 Jan 15 12:46:55 +0000][INFO] DESCRIBE `user` | Query Time: 0.043535947799683
[Sat, 31 Jan 15 12:46:55 +0000][INFO] SELECT COUNT(*) AS `rowcount` FROM `user` WHERE `user`.`email` = :0 | Query Time: 0.043927907943726
[Sat, 31 Jan 15 12:46:55 +0000][INFO] INSERT INTO `user` (`display_name`, `email`, `password`, `enabled`, `created`) VALUES (?, ?, ?, ?, ?) | Query Time: 0.047296047210693
[Sat, 31 Jan 15 12:46:55 +0000][INFO] SELECT IF(COUNT(*)>0, 1 , 0) FROM `INFORMATION_SCHEMA`.`TABLES` WHERE `TABLE_NAME`='emailactivations' | Query Time: 0.047827005386353
[Sat, 31 Jan 15 12:46:55 +0000][INFO] DESCRIBE `emailactivations` | Query Time: 0.048711061477661
[Sat, 31 Jan 15 12:46:55 +0000][INFO] SELECT COUNT(*) AS `rowcount` FROM `emailactivations` WHERE `emailactivations`.`activation_key` = :0 | Query Time: 0.049428939819336
[Sat, 31 Jan 15 12:46:55 +0000][INFO] INSERT INTO `emailactivations` (`user_id`, `activation_key`, `type`, `used`, `created`) VALUES (?, ?, ?, ?, ?) | Query Time: 0.052660942077637
[Sat, 31 Jan 15 12:46:55 +0000][INFO] SELECT * FROM user WHERE email = :email | Query Time: 0.0533127784729
[Sat, 31 Jan 15 12:46:55 +0000][INFO] SELECT * FROM emailactivations WHERE type = 'signup' AND used = 0 and user_id = :user_id | Query Time: 0.053713798522949
[Sat, 31 Jan 15 12:46:55 +0000][INFO] SELECT `emailactivations`.`id`, `emailactivations`.`user_id`, `emailactivations`.`activation_key`, `emailactivations`.`type`, `emailactivations`.`used`, `emailactivations`.`created` FROM `emailactivations` WHERE `emailactivations`.`used` = 0 AND `emailactivations`.`activation_key` = :activation_key AND `emailactivations`.`type` = 'signup' LIMIT 1 | Query Time: 0.058344841003418
[Sat, 31 Jan 15 12:46:55 +0000][INFO] SELECT `user`.`id`, `user`.`display_name`, `user`.`email`, `user`.`password`, `user`.`enabled`, `user`.`created` FROM `user` WHERE `user`.`enabled` = 0 AND `user`.`id` = :id LIMIT 1 | Query Time: 0.059584617614746
[Sat, 31 Jan 15 12:46:55 +0000][INFO] SELECT COUNT(*) AS `rowcount` FROM `user` WHERE `user`.`email` = :0 AND `user`.`id` <> :1 | Query Time: 0.060010671615601
[Sat, 31 Jan 15 12:46:55 +0000][INFO] UPDATE `user` SET `display_name` = ?, `email` = ?, `password` = ?, `enabled` = ?, `created` = ? WHERE `id` = ? | Query Time: 0.064562797546387
[Sat, 31 Jan 15 12:46:55 +0000][INFO] SELECT COUNT(*) AS `rowcount` FROM `emailactivations` WHERE `emailactivations`.`activation_key` = :0 AND `emailactivations`.`id` <> :1 | Query Time: 0.064994812011719
[Sat, 31 Jan 15 12:46:55 +0000][INFO] UPDATE `emailactivations` SET `user_id` = ?, `activation_key` = ?, `type` = ?, `used` = ?, `created` = ? WHERE `id` = ? | Query Time: 0.069397926330566
[Sat, 31 Jan 15 12:46:55 +0000][INFO] SELECT `user`.`id`, `user`.`display_name`, `user`.`email`, `user`.`password`, `user`.`enabled`, `user`.`created` FROM `user` WHERE (`user`.`display_name` = :display_name OR `user`.`email` = :email) AND `user`.`enabled` = 1 LIMIT 1 | Query Time: 0.070787906646729
[Sat, 31 Jan 15 12:46:55 +0000][INFO] UPDATE `session` SET `user_id` = ?, `token` = ?, `session` = ?, `ip` = ?, `created` = ? WHERE `id` = ? | Query Time: 0.075966835021973
[Sat, 31 Jan 15 12:46:55 +0000][INFO] SELECT IF(COUNT(*)>0, 1 , 0) FROM `INFORMATION_SCHEMA`.`TABLES` WHERE `TABLE_NAME`='usergroups' | Query Time: 0.076576709747314
[Sat, 31 Jan 15 12:46:55 +0000][INFO] DESCRIBE `usergroups` | Query Time: 0.077529668807983
[Sat, 31 Jan 15 12:46:55 +0000][INFO] SELECT `usergroups`.`id`, `usergroups`.`user_id`, `usergroups`.`group_id`, `usergroups`.`role_id` FROM `usergroups` | Query Time: 0.077793598175049
[Sat, 31 Jan 15 12:46:55 +0000][INFO] UPDATE `session` SET `user_id` = ?, `token` = ?, `session` = ?, `ip` = ?, `created` = ? WHERE `id` = ? | Query Time: 0.083397626876831
[Sat, 31 Jan 15 12:49:51 +0000][INFO] SELECT IF(COUNT(*)>0, 1 , 0) FROM `INFORMATION_SCHEMA`.`TABLES` WHERE `TABLE_NAME`='session' | Query Time: 0.00069499015808105
[Sat, 31 Jan 15 12:49:51 +0000][INFO] DESCRIBE `session` | Query Time: 0.0025999546051025
[Sat, 31 Jan 15 12:49:51 +0000][INFO] INSERT INTO `session` (`user_id`, `token`, `session`, `ip`, `created`) VALUES (?, ?, ?, ?, ?) | Query Time: 0.015513896942139
[Sat, 31 Jan 15 12:49:51 +0000][INFO] SELECT IF(COUNT(*)>0, 1 , 0) FROM `INFORMATION_SCHEMA`.`TABLES` WHERE `TABLE_NAME`='user' | Query Time: 0.016366720199585
[Sat, 31 Jan 15 12:49:51 +0000][INFO] DESCRIBE `user` | Query Time: 0.017829895019531
[Sat, 31 Jan 15 12:49:51 +0000][INFO] SELECT COUNT(*) AS `rowcount` FROM `user` WHERE `user`.`email` = :0 | Query Time: 0.019007921218872
[Sat, 31 Jan 15 12:49:51 +0000][INFO] INSERT INTO `user` (`display_name`, `email`, `password`, `enabled`, `created`) VALUES (?, ?, ?, ?, ?) | Query Time: 0.022346973419189
[Sat, 31 Jan 15 12:49:51 +0000][INFO] SELECT IF(COUNT(*)>0, 1 , 0) FROM `INFORMATION_SCHEMA`.`TABLES` WHERE `TABLE_NAME`='emailactivations' | Query Time: 0.023842096328735
[Sat, 31 Jan 15 12:49:51 +0000][INFO] DESCRIBE `emailactivations` | Query Time: 0.026942253112793
[Sat, 31 Jan 15 12:49:51 +0000][INFO] SELECT COUNT(*) AS `rowcount` FROM `emailactivations` WHERE `emailactivations`.`activation_key` = :0 | Query Time: 0.027300357818604
[Sat, 31 Jan 15 12:49:51 +0000][INFO] INSERT INTO `emailactivations` (`user_id`, `activation_key`, `type`, `used`, `created`) VALUES (?, ?, ?, ?, ?) | Query Time: 0.05578351020813
[Sat, 31 Jan 15 12:49:51 +0000][INFO] SELECT * FROM user WHERE email = :email | Query Time: 0.056925535202026
[Sat, 31 Jan 15 12:49:51 +0000][INFO] SELECT * FROM emailactivations WHERE type = 'signup' AND used = 0 and user_id = :user_id | Query Time: 0.05751371383667
[Sat, 31 Jan 15 12:49:51 +0000][INFO] SELECT `emailactivations`.`id`, `emailactivations`.`user_id`, `emailactivations`.`activation_key`, `emailactivations`.`type`, `emailactivations`.`used`, `emailactivations`.`created` FROM `emailactivations` WHERE `emailactivations`.`used` = 0 AND `emailactivations`.`activation_key` = :activation_key AND `emailactivations`.`type` = 'signup' LIMIT 1 | Query Time: 0.058053731918335
[Sat, 31 Jan 15 12:49:51 +0000][INFO] SELECT `user`.`id`, `user`.`display_name`, `user`.`email`, `user`.`password`, `user`.`enabled`, `user`.`created` FROM `user` WHERE `user`.`enabled` = 0 AND `user`.`id` = :id LIMIT 1 | Query Time: 0.058388710021973
[Sat, 31 Jan 15 12:49:51 +0000][INFO] SELECT COUNT(*) AS `rowcount` FROM `user` WHERE `user`.`email` = :0 AND `user`.`id` <> :1 | Query Time: 0.058737754821777
[Sat, 31 Jan 15 12:49:51 +0000][INFO] UPDATE `user` SET `display_name` = ?, `email` = ?, `password` = ?, `enabled` = ?, `created` = ? WHERE `id` = ? | Query Time: 0.063219785690308
[Sat, 31 Jan 15 12:49:51 +0000][INFO] SELECT COUNT(*) AS `rowcount` FROM `emailactivations` WHERE `emailactivations`.`activation_key` = :0 AND `emailactivations`.`id` <> :1 | Query Time: 0.063628673553467
[Sat, 31 Jan 15 12:49:51 +0000][INFO] UPDATE `emailactivations` SET `user_id` = ?, `activation_key` = ?, `type` = ?, `used` = ?, `created` = ? WHERE `id` = ? | Query Time: 0.067432641983032
[Sat, 31 Jan 15 12:49:51 +0000][INFO] SELECT `user`.`id`, `user`.`display_name`, `user`.`email`, `user`.`password`, `user`.`enabled`, `user`.`created` FROM `user` WHERE (`user`.`display_name` = :display_name OR `user`.`email` = :email) AND `user`.`enabled` = 1 LIMIT 1 | Query Time: 0.067932844161987
[Sat, 31 Jan 15 12:49:51 +0000][INFO] UPDATE `session` SET `user_id` = ?, `token` = ?, `session` = ?, `ip` = ?, `created` = ? WHERE `id` = ? | Query Time: 0.072458744049072
[Sat, 31 Jan 15 12:49:51 +0000][INFO] SELECT IF(COUNT(*)>0, 1 , 0) FROM `INFORMATION_SCHEMA`.`TABLES` WHERE `TABLE_NAME`='usergroups' | Query Time: 0.073054790496826
[Sat, 31 Jan 15 12:49:51 +0000][INFO] DESCRIBE `usergroups` | Query Time: 0.074000835418701
[Sat, 31 Jan 15 12:49:51 +0000][INFO] SELECT `usergroups`.`id`, `usergroups`.`user_id`, `usergroups`.`group_id`, `usergroups`.`role_id` FROM `usergroups` | Query Time: 0.075878858566284
[Sat, 31 Jan 15 12:51:54 +0000][INFO] SELECT IF(COUNT(*)>0, 1 , 0) FROM `INFORMATION_SCHEMA`.`TABLES` WHERE `TABLE_NAME`='session' | Query Time: 0.0014438629150391
[Sat, 31 Jan 15 12:51:54 +0000][INFO] DESCRIBE `session` | Query Time: 0.0038189888000488
[Sat, 31 Jan 15 12:51:54 +0000][INFO] INSERT INTO `session` (`user_id`, `token`, `session`, `ip`, `created`) VALUES (?, ?, ?, ?, ?) | Query Time: 0.0081729888916016
[Sat, 31 Jan 15 12:51:54 +0000][INFO] SELECT IF(COUNT(*)>0, 1 , 0) FROM `INFORMATION_SCHEMA`.`TABLES` WHERE `TABLE_NAME`='user' | Query Time: 0.0088820457458496
[Sat, 31 Jan 15 12:51:54 +0000][INFO] DESCRIBE `user` | Query Time: 0.0099070072174072
[Sat, 31 Jan 15 12:51:54 +0000][INFO] SELECT COUNT(*) AS `rowcount` FROM `user` WHERE `user`.`email` = :0 | Query Time: 0.010248899459839
[Sat, 31 Jan 15 12:51:54 +0000][INFO] INSERT INTO `user` (`display_name`, `email`, `password`, `enabled`, `created`) VALUES (?, ?, ?, ?, ?) | Query Time: 0.013755798339844
[Sat, 31 Jan 15 12:51:54 +0000][INFO] SELECT IF(COUNT(*)>0, 1 , 0) FROM `INFORMATION_SCHEMA`.`TABLES` WHERE `TABLE_NAME`='emailactivations' | Query Time: 0.01424765586853
[Sat, 31 Jan 15 12:51:54 +0000][INFO] DESCRIBE `emailactivations` | Query Time: 0.015760660171509
[Sat, 31 Jan 15 12:51:54 +0000][INFO] SELECT COUNT(*) AS `rowcount` FROM `emailactivations` WHERE `emailactivations`.`activation_key` = :0 | Query Time: 0.017014741897583
[Sat, 31 Jan 15 12:51:54 +0000][INFO] INSERT INTO `emailactivations` (`user_id`, `activation_key`, `type`, `used`, `created`) VALUES (?, ?, ?, ?, ?) | Query Time: 0.020227670669556
[Sat, 31 Jan 15 12:51:54 +0000][INFO] SELECT * FROM user WHERE email = :email | Query Time: 0.040782690048218
[Sat, 31 Jan 15 12:51:54 +0000][INFO] SELECT * FROM emailactivations WHERE type = 'signup' AND used = 0 and user_id = :user_id | Query Time: 0.04131555557251
[Sat, 31 Jan 15 12:51:54 +0000][INFO] SELECT `emailactivations`.`id`, `emailactivations`.`user_id`, `emailactivations`.`activation_key`, `emailactivations`.`type`, `emailactivations`.`used`, `emailactivations`.`created` FROM `emailactivations` WHERE `emailactivations`.`used` = 0 AND `emailactivations`.`activation_key` = :activation_key AND `emailactivations`.`type` = 'signup' LIMIT 1 | Query Time: 0.045172452926636
[Sat, 31 Jan 15 12:51:54 +0000][INFO] SELECT `user`.`id`, `user`.`display_name`, `user`.`email`, `user`.`password`, `user`.`enabled`, `user`.`created` FROM `user` WHERE `user`.`enabled` = 0 AND `user`.`id` = :id LIMIT 1 | Query Time: 0.045579433441162
[Sat, 31 Jan 15 12:51:54 +0000][INFO] SELECT COUNT(*) AS `rowcount` FROM `user` WHERE `user`.`email` = :0 AND `user`.`id` <> :1 | Query Time: 0.045902490615845
[Sat, 31 Jan 15 12:51:54 +0000][INFO] UPDATE `user` SET `display_name` = ?, `email` = ?, `password` = ?, `enabled` = ?, `created` = ? WHERE `id` = ? | Query Time: 0.049831390380859
[Sat, 31 Jan 15 12:51:54 +0000][INFO] SELECT COUNT(*) AS `rowcount` FROM `emailactivations` WHERE `emailactivations`.`activation_key` = :0 AND `emailactivations`.`id` <> :1 | Query Time: 0.050248384475708
[Sat, 31 Jan 15 12:51:54 +0000][INFO] UPDATE `emailactivations` SET `user_id` = ?, `activation_key` = ?, `type` = ?, `used` = ?, `created` = ? WHERE `id` = ? | Query Time: 0.062471389770508
[Sat, 31 Jan 15 12:51:54 +0000][INFO] SELECT `user`.`id`, `user`.`display_name`, `user`.`email`, `user`.`password`, `user`.`enabled`, `user`.`created` FROM `user` WHERE (`user`.`display_name` = :display_name OR `user`.`email` = :email) AND `user`.`enabled` = 1 LIMIT 1 | Query Time: 0.062891244888306
[Sat, 31 Jan 15 12:51:54 +0000][INFO] UPDATE `session` SET `user_id` = ?, `token` = ?, `session` = ?, `ip` = ?, `created` = ? WHERE `id` = ? | Query Time: 0.082310199737549
[Sat, 31 Jan 15 12:51:54 +0000][INFO] SELECT IF(COUNT(*)>0, 1 , 0) FROM `INFORMATION_SCHEMA`.`TABLES` WHERE `TABLE_NAME`='usergroups' | Query Time: 0.082849264144897
[Sat, 31 Jan 15 12:51:54 +0000][INFO] DESCRIBE `usergroups` | Query Time: 0.083694458007812
[Sat, 31 Jan 15 12:51:54 +0000][INFO] SELECT `usergroups`.`id`, `usergroups`.`user_id`, `usergroups`.`group_id`, `usergroups`.`role_id` FROM `usergroups` | Query Time: 0.088617324829102
[Sat, 31 Jan 15 12:53:44 +0000][INFO] SELECT IF(COUNT(*)>0, 1 , 0) FROM `INFORMATION_SCHEMA`.`TABLES` WHERE `TABLE_NAME`='session' | Query Time: 0.0013608932495117
[Sat, 31 Jan 15 12:53:44 +0000][INFO] DESCRIBE `session` | Query Time: 0.0025219917297363
[Sat, 31 Jan 15 12:53:44 +0000][INFO] INSERT INTO `session` (`user_id`, `token`, `session`, `ip`, `created`) VALUES (?, ?, ?, ?, ?) | Query Time: 0.030698776245117
[Sat, 31 Jan 15 12:53:44 +0000][INFO] SELECT IF(COUNT(*)>0, 1 , 0) FROM `INFORMATION_SCHEMA`.`TABLES` WHERE `TABLE_NAME`='user' | Query Time: 0.031507730484009
[Sat, 31 Jan 15 12:53:44 +0000][INFO] DESCRIBE `user` | Query Time: 0.032633781433105
[Sat, 31 Jan 15 12:53:44 +0000][INFO] SELECT COUNT(*) AS `rowcount` FROM `user` WHERE `user`.`email` = :0 | Query Time: 0.032987833023071
[Sat, 31 Jan 15 12:53:44 +0000][INFO] INSERT INTO `user` (`display_name`, `email`, `password`, `enabled`, `created`) VALUES (?, ?, ?, ?, ?) | Query Time: 0.037338733673096
[Sat, 31 Jan 15 12:53:44 +0000][INFO] SELECT IF(COUNT(*)>0, 1 , 0) FROM `INFORMATION_SCHEMA`.`TABLES` WHERE `TABLE_NAME`='emailactivations' | Query Time: 0.037886619567871
[Sat, 31 Jan 15 12:53:44 +0000][INFO] DESCRIBE `emailactivations` | Query Time: 0.0391526222229
[Sat, 31 Jan 15 12:53:44 +0000][INFO] SELECT COUNT(*) AS `rowcount` FROM `emailactivations` WHERE `emailactivations`.`activation_key` = :0 | Query Time: 0.039504528045654
[Sat, 31 Jan 15 12:53:44 +0000][INFO] INSERT INTO `emailactivations` (`user_id`, `activation_key`, `type`, `used`, `created`) VALUES (?, ?, ?, ?, ?) | Query Time: 0.043323516845703
[Sat, 31 Jan 15 12:53:44 +0000][INFO] SELECT * FROM user WHERE email = :email | Query Time: 0.046705484390259
[Sat, 31 Jan 15 12:53:44 +0000][INFO] SELECT * FROM emailactivations WHERE type = 'signup' AND used = 0 and user_id = :user_id | Query Time: 0.047109365463257
[Sat, 31 Jan 15 12:53:44 +0000][INFO] SELECT `emailactivations`.`id`, `emailactivations`.`user_id`, `emailactivations`.`activation_key`, `emailactivations`.`type`, `emailactivations`.`used`, `emailactivations`.`created` FROM `emailactivations` WHERE `emailactivations`.`used` = 0 AND `emailactivations`.`activation_key` = :activation_key AND `emailactivations`.`type` = 'signup' LIMIT 1 | Query Time: 0.047520399093628
[Sat, 31 Jan 15 12:53:44 +0000][INFO] SELECT `user`.`id`, `user`.`display_name`, `user`.`email`, `user`.`password`, `user`.`enabled`, `user`.`created` FROM `user` WHERE `user`.`enabled` = 0 AND `user`.`id` = :id LIMIT 1 | Query Time: 0.052153348922729
[Sat, 31 Jan 15 12:53:44 +0000][INFO] SELECT COUNT(*) AS `rowcount` FROM `user` WHERE `user`.`email` = :0 AND `user`.`id` <> :1 | Query Time: 0.052522420883179
[Sat, 31 Jan 15 12:53:44 +0000][INFO] UPDATE `user` SET `display_name` = ?, `email` = ?, `password` = ?, `enabled` = ?, `created` = ? WHERE `id` = ? | Query Time: 0.055382490158081
[Sat, 31 Jan 15 12:53:44 +0000][INFO] SELECT COUNT(*) AS `rowcount` FROM `emailactivations` WHERE `emailactivations`.`activation_key` = :0 AND `emailactivations`.`id` <> :1 | Query Time: 0.055833578109741
[Sat, 31 Jan 15 12:53:44 +0000][INFO] UPDATE `emailactivations` SET `user_id` = ?, `activation_key` = ?, `type` = ?, `used` = ?, `created` = ? WHERE `id` = ? | Query Time: 0.060341596603394
[Sat, 31 Jan 15 12:53:44 +0000][INFO] SELECT `user`.`id`, `user`.`display_name`, `user`.`email`, `user`.`password`, `user`.`enabled`, `user`.`created` FROM `user` WHERE (`user`.`display_name` = :display_name OR `user`.`email` = :email) AND `user`.`enabled` = 1 LIMIT 1 | Query Time: 0.061256647109985
[Sat, 31 Jan 15 12:53:44 +0000][INFO] UPDATE `session` SET `user_id` = ?, `token` = ?, `session` = ?, `ip` = ?, `created` = ? WHERE `id` = ? | Query Time: 0.065372705459595
[Sat, 31 Jan 15 12:53:44 +0000][INFO] SELECT IF(COUNT(*)>0, 1 , 0) FROM `INFORMATION_SCHEMA`.`TABLES` WHERE `TABLE_NAME`='usergroups' | Query Time: 0.066919803619385
[Sat, 31 Jan 15 12:53:44 +0000][INFO] DESCRIBE `usergroups` | Query Time: 0.068590879440308
[Sat, 31 Jan 15 12:53:44 +0000][INFO] SELECT `usergroups`.`id`, `usergroups`.`user_id`, `usergroups`.`group_id`, `usergroups`.`role_id` FROM `usergroups` | Query Time: 0.071751832962036
[Sat, 31 Jan 15 12:53:44 +0000][INFO] SELECT `user`.`id`, `user`.`display_name`, `user`.`email`, `user`.`password`, `user`.`enabled`, `user`.`created` FROM `user` WHERE `user`.`id` = :id LIMIT 1 | Query Time: 0.072125911712646
[Sat, 31 Jan 15 12:53:44 +0000][INFO] DELETE FROM `user` WHERE `id` = ? | Query Time: 0.083739042282104
[Sat, 31 Jan 15 12:53:44 +0000][INFO] UPDATE `session` SET `user_id` = ?, `token` = ?, `session` = ?, `ip` = ?, `created` = ? WHERE `id` = ? | Query Time: 0.08831000328064
[Sat, 31 Jan 15 12:53:54 +0000][INFO] SELECT IF(COUNT(*)>0, 1 , 0) FROM `INFORMATION_SCHEMA`.`TABLES` WHERE `TABLE_NAME`='session' | Query Time: 0.0016558170318604
[Sat, 31 Jan 15 12:53:54 +0000][INFO] DESCRIBE `session` | Query Time: 0.0029687881469727
[Sat, 31 Jan 15 12:53:54 +0000][INFO] INSERT INTO `session` (`user_id`, `token`, `session`, `ip`, `created`) VALUES (?, ?, ?, ?, ?) | Query Time: 0.0087888240814209
[Sat, 31 Jan 15 12:53:54 +0000][INFO] SELECT IF(COUNT(*)>0, 1 , 0) FROM `INFORMATION_SCHEMA`.`TABLES` WHERE `TABLE_NAME`='user' | Query Time: 0.010367631912231
[Sat, 31 Jan 15 12:53:54 +0000][INFO] DESCRIBE `user` | Query Time: 0.01125955581665
[Sat, 31 Jan 15 12:53:54 +0000][INFO] SELECT COUNT(*) AS `rowcount` FROM `user` WHERE `user`.`email` = :0 | Query Time: 0.011743545532227
[Sat, 31 Jan 15 12:53:54 +0000][INFO] INSERT INTO `user` (`display_name`, `email`, `password`, `enabled`, `created`) VALUES (?, ?, ?, ?, ?) | Query Time: 0.024434566497803
[Sat, 31 Jan 15 12:53:54 +0000][INFO] SELECT IF(COUNT(*)>0, 1 , 0) FROM `INFORMATION_SCHEMA`.`TABLES` WHERE `TABLE_NAME`='emailactivations' | Query Time: 0.025143623352051
[Sat, 31 Jan 15 12:53:54 +0000][INFO] DESCRIBE `emailactivations` | Query Time: 0.026546716690063
[Sat, 31 Jan 15 12:53:54 +0000][INFO] SELECT COUNT(*) AS `rowcount` FROM `emailactivations` WHERE `emailactivations`.`activation_key` = :0 | Query Time: 0.026910543441772
[Sat, 31 Jan 15 12:53:54 +0000][INFO] INSERT INTO `emailactivations` (`user_id`, `activation_key`, `type`, `used`, `created`) VALUES (?, ?, ?, ?, ?) | Query Time: 0.030264616012573
[Sat, 31 Jan 15 12:53:54 +0000][INFO] SELECT * FROM user WHERE email = :email | Query Time: 0.036014556884766
[Sat, 31 Jan 15 12:53:54 +0000][INFO] SELECT * FROM emailactivations WHERE type = 'signup' AND used = 0 and user_id = :user_id | Query Time: 0.036486625671387
[Sat, 31 Jan 15 12:53:54 +0000][INFO] SELECT `emailactivations`.`id`, `emailactivations`.`user_id`, `emailactivations`.`activation_key`, `emailactivations`.`type`, `emailactivations`.`used`, `emailactivations`.`created` FROM `emailactivations` WHERE `emailactivations`.`used` = 0 AND `emailactivations`.`activation_key` = :activation_key AND `emailactivations`.`type` = 'signup' LIMIT 1 | Query Time: 0.03697657585144
[Sat, 31 Jan 15 12:53:54 +0000][INFO] SELECT `user`.`id`, `user`.`display_name`, `user`.`email`, `user`.`password`, `user`.`enabled`, `user`.`created` FROM `user` WHERE `user`.`enabled` = 0 AND `user`.`id` = :id LIMIT 1 | Query Time: 0.037417650222778
[Sat, 31 Jan 15 12:53:54 +0000][INFO] SELECT COUNT(*) AS `rowcount` FROM `user` WHERE `user`.`email` = :0 AND `user`.`id` <> :1 | Query Time: 0.039869785308838
[Sat, 31 Jan 15 12:53:54 +0000][INFO] UPDATE `user` SET `display_name` = ?, `email` = ?, `password` = ?, `enabled` = ?, `created` = ? WHERE `id` = ? | Query Time: 0.045048952102661
[Sat, 31 Jan 15 12:53:54 +0000][INFO] SELECT COUNT(*) AS `rowcount` FROM `emailactivations` WHERE `emailactivations`.`activation_key` = :0 AND `emailactivations`.`id` <> :1 | Query Time: 0.045567035675049
[Sat, 31 Jan 15 12:53:54 +0000][INFO] UPDATE `emailactivations` SET `user_id` = ?, `activation_key` = ?, `type` = ?, `used` = ?, `created` = ? WHERE `id` = ? | Query Time: 0.065650939941406
[Sat, 31 Jan 15 12:53:54 +0000][INFO] SELECT `user`.`id`, `user`.`display_name`, `user`.`email`, `user`.`password`, `user`.`enabled`, `user`.`created` FROM `user` WHERE (`user`.`display_name` = :display_name OR `user`.`email` = :email) AND `user`.`enabled` = 1 LIMIT 1 | Query Time: 0.066190958023071
[Sat, 31 Jan 15 12:53:54 +0000][INFO] UPDATE `session` SET `user_id` = ?, `token` = ?, `session` = ?, `ip` = ?, `created` = ? WHERE `id` = ? | Query Time: 0.072903871536255
[Sat, 31 Jan 15 12:53:54 +0000][INFO] SELECT IF(COUNT(*)>0, 1 , 0) FROM `INFORMATION_SCHEMA`.`TABLES` WHERE `TABLE_NAME`='usergroups' | Query Time: 0.073612689971924
[Sat, 31 Jan 15 12:53:54 +0000][INFO] DESCRIBE `usergroups` | Query Time: 0.075861692428589
[Sat, 31 Jan 15 12:53:54 +0000][INFO] SELECT `usergroups`.`id`, `usergroups`.`user_id`, `usergroups`.`group_id`, `usergroups`.`role_id` FROM `usergroups` | Query Time: 0.076136589050293
[Sat, 31 Jan 15 12:53:54 +0000][INFO] SELECT `user`.`id`, `user`.`display_name`, `user`.`email`, `user`.`password`, `user`.`enabled`, `user`.`created` FROM `user` WHERE `user`.`id` = :id LIMIT 1 | Query Time: 0.076519727706909
[Sat, 31 Jan 15 12:53:54 +0000][INFO] DELETE FROM `user` WHERE `id` = ? | Query Time: 0.079855918884277
[Sat, 31 Jan 15 12:53:54 +0000][INFO] UPDATE `session` SET `user_id` = ?, `token` = ?, `session` = ?, `ip` = ?, `created` = ? WHERE `id` = ? | Query Time: 0.083164930343628
